<?xml version="1.0" encoding="UTF-8"?>
<!-- Generated by org.testng.reporters.JUnitXMLReporter -->
<testsuite ignored="0" hostname="ea546576b62157b" failures="0" tests="3" name="Test" time="10.312" errors="0" timestamp="2023-10-06T05:26:34 IST">
  <testcase classname="com.qa.testscript.TC_FlipKart_001" name="checkPopUpCloseButton" time="0.353"/>
  <testcase classname="com.qa.testscript.TC_FlipKart_001" name="checkPosition" time="0.079"/>
  <testcase classname="com.qa.testscript.TC_FlipKart_001" name="checkSearch" time="9.475"/>
</testsuite> <!-- Test -->
